../map_tests/at().cpp:27:24: error: no member named 'at' in 'ft::map<int, int, ft::less<int>, std::__1::allocator<ft::pair<const int, int> > >'
        v.push_back(mp.at(40 * _ratio));
                    ~~ ^
../map_tests/at().cpp:38:55: note: in instantiation of function template specialization 'at_test<int, int>' requested here
    exit(run_map_unit_test<int, int>("at()", at_test, at_test));
                                                      ^
../map_tests/at().cpp:28:24: error: no member named 'at' in 'ft::map<int, int, ft::less<int>, std::__1::allocator<ft::pair<const int, int> > >'
        v.push_back(mp.at(40 * _ratio + 1));
                    ~~ ^
2 errors generated.
